-------------------------------------------------------------------------------
Test set: TestSuite
-------------------------------------------------------------------------------
Tests run: 3, Failures: 1, Errors: 0, Skipped: 0, Time elapsed: 0.169 s <<< FAILURE! - in TestSuite
testDeposit on testDeposit(workshop.day2.BankAccountTest)(workshop.day2.BankAccountTest)  Time elapsed: 0.006 s  <<< FAILURE!
java.lang.AssertionError
	at workshop.day2.BankAccountTest.testDeposit(BankAccountTest.java:19)

