<?xml version="1.0" encoding="UTF-8"?>
<testng-results ignored="0" total="12" passed="12" failed="0" skipped="0">
  <reporter-output>
  </reporter-output>
  <suite started-at="2021-12-07T09:29:57 SGT" name="Surefire suite" finished-at="2021-12-07T09:29:57 SGT" duration-ms="48">
    <groups>
    </groups>
    <test started-at="2021-12-07T09:29:57 SGT" name="Surefire test" finished-at="2021-12-07T09:29:57 SGT" duration-ms="48">
      <class name="workshop.day2.AppTest">
        <test-method signature="shouldAnswerWithTrue()" started-at="2021-12-07T09:29:57 SGT" name="shouldAnswerWithTrue" finished-at="2021-12-07T09:29:57 SGT" duration-ms="7" status="PASS">
          <reporter-output>
          </reporter-output>
        </test-method> <!-- shouldAnswerWithTrue -->
      </class> <!-- workshop.day2.AppTest -->
      <class name="workshop.day2.BankAccountTest">
        <test-method signature="testGetBalance()" started-at="2021-12-07T09:29:57 SGT" name="testGetBalance" finished-at="2021-12-07T09:29:57 SGT" duration-ms="8" status="PASS">
          <reporter-output>
          </reporter-output>
        </test-method> <!-- testGetBalance -->
        <test-method signature="testGetName()" started-at="2021-12-07T09:29:57 SGT" name="testGetName" finished-at="2021-12-07T09:29:57 SGT" duration-ms="7" status="PASS">
          <reporter-output>
          </reporter-output>
        </test-method> <!-- testGetName -->
        <test-method signature="testGetTransactions()" started-at="2021-12-07T09:29:57 SGT" name="testGetTransactions" finished-at="2021-12-07T09:29:57 SGT" duration-ms="7" status="PASS">
          <reporter-output>
          </reporter-output>
        </test-method> <!-- testGetTransactions -->
        <test-method signature="testWithdraw()" started-at="2021-12-07T09:29:57 SGT" name="testWithdraw" finished-at="2021-12-07T09:29:57 SGT" duration-ms="8" status="PASS">
          <reporter-output>
          </reporter-output>
        </test-method> <!-- testWithdraw -->
        <test-method signature="testWithdrawFromClosedAccount()" started-at="2021-12-07T09:29:57 SGT" name="testWithdrawFromClosedAccount" finished-at="2021-12-07T09:29:57 SGT" duration-ms="7" status="PASS">
          <reporter-output>
          </reporter-output>
        </test-method> <!-- testWithdrawFromClosedAccount -->
        <test-method signature="testGetAccountNumber()" started-at="2021-12-07T09:29:57 SGT" name="testGetAccountNumber" finished-at="2021-12-07T09:29:57 SGT" duration-ms="8" status="PASS">
          <reporter-output>
          </reporter-output>
        </test-method> <!-- testGetAccountNumber -->
        <test-method signature="testWithdrawMoreThanBalance()" started-at="2021-12-07T09:29:57 SGT" name="testWithdrawMoreThanBalance" finished-at="2021-12-07T09:29:57 SGT" duration-ms="8" status="PASS">
          <reporter-output>
          </reporter-output>
        </test-method> <!-- testWithdrawMoreThanBalance -->
        <test-method signature="testDepositNegativeAmount()" started-at="2021-12-07T09:29:57 SGT" name="testDepositNegativeAmount" finished-at="2021-12-07T09:29:57 SGT" duration-ms="7" status="PASS">
          <reporter-output>
          </reporter-output>
        </test-method> <!-- testDepositNegativeAmount -->
        <test-method signature="testDeposit()" started-at="2021-12-07T09:29:57 SGT" name="testDeposit" finished-at="2021-12-07T09:29:57 SGT" duration-ms="8" status="PASS">
          <reporter-output>
          </reporter-output>
        </test-method> <!-- testDeposit -->
        <test-method signature="testCreateDateNotBlank()" started-at="2021-12-07T09:29:57 SGT" name="testCreateDateNotBlank" finished-at="2021-12-07T09:29:57 SGT" duration-ms="7" status="PASS">
          <reporter-output>
          </reporter-output>
        </test-method> <!-- testCreateDateNotBlank -->
        <test-method signature="testCloseDateNotBlank()" started-at="2021-12-07T09:29:57 SGT" name="testCloseDateNotBlank" finished-at="2021-12-07T09:29:57 SGT" duration-ms="8" status="PASS">
          <reporter-output>
          </reporter-output>
        </test-method> <!-- testCloseDateNotBlank -->
      </class> <!-- workshop.day2.BankAccountTest -->
    </test> <!-- Surefire test -->
  </suite> <!-- Surefire suite -->
</testng-results>
