<?xml version="1.0" encoding="UTF-8"?>
<testsuite xmlns:xsi="http://www.w3.org/2001/XMLSchema-instance" xsi:noNamespaceSchemaLocation="https://maven.apache.org/surefire/maven-surefire-plugin/xsd/surefire-test-report.xsd" name="TestSuite" time="0.169" tests="3" errors="0" skipped="0" failures="1">
  <properties>
[...]
</properties>
  <testcase name="shouldAnswerWithTrue on shouldAnswerWithTrue(workshop.day2.AppTest)" classname="workshop.day2.AppTest" time="0.01"/>
  <testcase name="testGetBalance on testGetBalance(workshop.day2.BankAccountTest)" classname="workshop.day2.BankAccountTest" time="0"/>
  <testcase name="testDeposit on testDeposit(workshop.day2.BankAccountTest)" classname="workshop.day2.BankAccountTest" time="0.006">
    <failure type="java.lang.AssertionError">java.lang.AssertionError
	at workshop.day2.BankAccountTest.testDeposit(BankAccountTest.java:19)
</failure>
  </testcase>
</testsuite>