<?xml version="1.0" encoding="UTF-8"?>
<!-- Generated by org.testng.reporters.JUnitXMLReporter -->
<testsuite ignored="0" hostname="Terences-MacBook-Pro.local" failures="0" tests="12" name="Surefire test" time="0.048" errors="0" timestamp="2021-12-07T09:29:57 SGT">
  <testcase classname="workshop.day2.AppTest" name="shouldAnswerWithTrue on shouldAnswerWithTrue(workshop.day2.AppTest)" time="0.007"/>
  <testcase classname="workshop.day2.BankAccountTest" name="testGetTransactions on testGetTransactions(workshop.day2.BankAccountTest)" time="0.007"/>
  <testcase classname="workshop.day2.BankAccountTest" name="testGetName on testGetName(workshop.day2.BankAccountTest)" time="0.007"/>
  <testcase classname="workshop.day2.BankAccountTest" name="testWithdraw on testWithdraw(workshop.day2.BankAccountTest)" time="0.008"/>
  <testcase classname="workshop.day2.BankAccountTest" name="testGetBalance on testGetBalance(workshop.day2.BankAccountTest)" time="0.008"/>
  <testcase classname="workshop.day2.BankAccountTest" name="testWithdrawFromClosedAccount on testWithdrawFromClosedAccount(workshop.day2.BankAccountTest)" time="0.007"/>
  <testcase classname="workshop.day2.BankAccountTest" name="testCreateDateNotBlank on testCreateDateNotBlank(workshop.day2.BankAccountTest)" time="0.007"/>
  <testcase classname="workshop.day2.BankAccountTest" name="testDepositNegativeAmount on testDepositNegativeAmount(workshop.day2.BankAccountTest)" time="0.007"/>
  <testcase classname="workshop.day2.BankAccountTest" name="testWithdrawMoreThanBalance on testWithdrawMoreThanBalance(workshop.day2.BankAccountTest)" time="0.008"/>
  <testcase classname="workshop.day2.BankAccountTest" name="testGetAccountNumber on testGetAccountNumber(workshop.day2.BankAccountTest)" time="0.008"/>
  <testcase classname="workshop.day2.BankAccountTest" name="testDeposit on testDeposit(workshop.day2.BankAccountTest)" time="0.008"/>
  <testcase classname="workshop.day2.BankAccountTest" name="testCloseDateNotBlank on testCloseDateNotBlank(workshop.day2.BankAccountTest)" time="0.008"/>
</testsuite> <!-- Surefire test -->
